<?xml version="1.0" encoding="UTF-8"?>
<!-- Generated by org.testng.reporters.JUnitReportReporter -->
<testsuite skipped="0" hostname="192.168.0.103" name="DDT.Login_Test_Scenarios" tests="5" failures="0" timestamp="2021-05-15T17:23:39 IST" time="19.151" errors="0">
  <testcase name="Login_Page_Tests" time="3.581" classname="DDT.Login_Test_Scenarios"/>
  <system-out/>
  <testcase name="Login_Page_Tests" time="3.567" classname="DDT.Login_Test_Scenarios"/>
  <system-out/>
  <testcase name="Login_Page_Tests" time="5.106" classname="DDT.Login_Test_Scenarios"/>
  <system-out/>
  <testcase name="Login_Page_Tests" time="3.821" classname="DDT.Login_Test_Scenarios"/>
  <system-out/>
  <testcase name="Login_Page_Tests" time="3.076" classname="DDT.Login_Test_Scenarios"/>
  <system-out/>
</testsuite> <!-- DDT.Login_Test_Scenarios -->
