<?xml version="1.0" encoding="UTF-8"?>
<!-- Generated by org.testng.reporters.JUnitReportReporter -->
<testsuite skipped="0" hostname="192.168.0.103" name="DDT.Login_WIth_Excel_Cred" tests="1" failures="0" timestamp="2021-05-15T15:55:20 IST" time="6.353" errors="0">
  <testcase name="Login_Page_Tests" time="6.353" classname="DDT.Login_WIth_Excel_Cred"/>
  <system-out/>
</testsuite> <!-- DDT.Login_WIth_Excel_Cred -->
