<?xml version="1.0" encoding="UTF-8"?>
<!-- Generated by org.testng.reporters.JUnitReportReporter -->
<testsuite skipped="0" hostname="192.168.0.105" name="Page_Locaters.Kb_Regestartion_Page" tests="1" failures="0" timestamp="2021-05-09T09:08:22 IST" time="2.577" errors="0">
  <testcase name="KB_REg_Page_1" time="2.577" classname="Page_Locaters.Kb_Regestartion_Page"/>
  <system-out/>
</testsuite> <!-- Page_Locaters.Kb_Regestartion_Page -->
