<?xml version="1.0" encoding="UTF-8"?>
<!-- Generated by org.testng.reporters.JUnitReportReporter -->
<testsuite skipped="0" hostname="192.168.0.104" name="Test_Pages.Create_Deposit_Account_Tests" tests="1" failures="0" timestamp="2021-05-12T09:23:26 IST" time="9.746" errors="0">
  <testcase name="Create_Deposit_Account_Pages_Tests" time="9.746" classname="Test_Pages.Create_Deposit_Account_Tests"/>
  <system-out/>
</testsuite> <!-- Test_Pages.Create_Deposit_Account_Tests -->
