<?xml version="1.0" encoding="UTF-8"?>
<!-- Generated by org.testng.reporters.JUnitReportReporter -->
<testsuite skipped="0" hostname="192.168.0.105" name="Test_Pages.ex" tests="1" failures="0" timestamp="2021-05-09T08:53:36 IST" time="7.074" errors="0">
  <testcase name="KB_REg_Page" time="7.074" classname="Test_Pages.ex"/>
  <system-out/>
</testsuite> <!-- Test_Pages.ex -->
