<?xml version="1.0" encoding="UTF-8"?>
<!-- Generated by org.testng.reporters.JUnitReportReporter -->
<testsuite skipped="0" hostname="192.168.0.104" name="Test_Pages.Make_Deposit_To_Accounts_Page_Test" tests="1" failures="0" timestamp="2021-05-12T09:23:26 IST" time="16.289" errors="0">
  <testcase name="Make_Deposit_To_Accounts_Pages_Tests" time="16.289" classname="Test_Pages.Make_Deposit_To_Accounts_Page_Test"/>
  <system-out/>
</testsuite> <!-- Test_Pages.Make_Deposit_To_Accounts_Page_Test -->
