<?xml version="1.0" encoding="UTF-8"?>
<!-- Generated by org.testng.reporters.JUnitReportReporter -->
<testsuite skipped="1" hostname="192.168.0.104" name="Test_Pages.TestNg_Priority" tests="3" failures="0" timestamp="2021-05-12T09:57:32 IST" time="33.374" errors="0">
  <testcase name="Create_Deposit_Account_Pages_Tests" time="13.396" classname="Test_Pages.TestNg_Priority"/>
  <system-out/>
  <testcase name="Make_Deposit_To_Accounts_Pages_Tests" time="19.978" classname="Test_Pages.TestNg_Priority"/>
  <system-out/>
  <testcase name="Regestartion_Page_Tests" classname="Test_Pages.TestNg_Priority">
    <skipped/>
  </testcase> <!-- Regestartion_Page_Tests -->
  <system-out/>
</testsuite> <!-- Test_Pages.TestNg_Priority -->
