<?xml version="1.0" encoding="UTF-8"?>
<!-- Generated by org.testng.reporters.JUnitReportReporter -->
<testsuite skipped="0" hostname="192.168.0.103" name="Test_Pages.TestNg_DataProviders" tests="2" failures="0" timestamp="2021-05-14T09:39:14 IST" time="9.002" errors="0">
  <testcase name="Login_Page_Tests" time="4.332" classname="Test_Pages.TestNg_DataProviders"/>
  <system-out/>
  <testcase name="Login_Page_Tests" time="4.670" classname="Test_Pages.TestNg_DataProviders"/>
  <system-out/>
</testsuite> <!-- Test_Pages.TestNg_DataProviders -->
