<?xml version="1.0" encoding="UTF-8"?>
<!-- Generated by org.testng.reporters.JUnitReportReporter -->
<testsuite skipped="0" hostname="192.168.0.103" name="Test_Pages.Multi_Brow_Login_Page_Tests" tests="2" failures="0" timestamp="2021-05-14T09:29:16 IST" time="9.669" errors="0">
  <testcase name="Login_Page_Tests_Safri" time="4.647" classname="Test_Pages.Multi_Brow_Login_Page_Tests"/>
  <system-out/>
  <testcase name="Login_Page_Tests_Safri" time="5.022" classname="Test_Pages.Multi_Brow_Login_Page_Tests"/>
  <system-out/>
</testsuite> <!-- Test_Pages.Multi_Brow_Login_Page_Tests -->
