<?xml version="1.0" encoding="UTF-8"?>
<!-- Generated by org.testng.reporters.JUnitReportReporter -->
<testsuite skipped="0" hostname="192.168.0.103" name="Test_Pages.Login_Page_Test" tests="2" failures="0" timestamp="2021-05-15T15:12:24 IST" time="10.193" errors="0">
  <testcase name="Login_Page_Tests" time="4.719" classname="Test_Pages.Login_Page_Test"/>
  <system-out/>
  <testcase name="Login_Page_Tests1" time="5.474" classname="Test_Pages.Login_Page_Test"/>
  <system-out/>
</testsuite> <!-- Test_Pages.Login_Page_Test -->
